        -:    0:Source:dominion.c
        -:    0:Graph:dominion.gcno
        -:    0:Data:dominion.gcda
        -:    0:Runs:3
        -:    0:Programs:3
        -:    1:#include "dominion.h"
        -:    2:#include "dominion_helpers.h"
        -:    3:#include "rngs.h"
        -:    4:#include <stdio.h>
        -:    5:#include <math.h>
        -:    6:#include <stdlib.h>
        -:    7:
function compare called 133740 returned 100% blocks executed 83%
   133740:    8:int compare(const void* a, const void* b) {
   133740:    9:    if (*(int*)a > *(int*)b)
branch  0 taken 0% (fallthrough)
branch  1 taken 100%
    #####:   10:        return 1;
   133740:   11:    if (*(int*)a < *(int*)b)
branch  0 taken 27% (fallthrough)
branch  1 taken 73%
    35664:   12:        return -1;
    98076:   13:    return 0;
        -:   14:}
        -:   15:
function newGame called 0 returned 0% blocks executed 0%
    #####:   16:struct gameState* newGame() {
    #####:   17:    struct gameState* g = malloc(sizeof(struct gameState));
    #####:   18:    return g;
        -:   19:}
        -:   20:
function kingdomCards called 0 returned 0% blocks executed 0%
    #####:   21:int* kingdomCards(int k1, int k2, int k3, int k4, int k5, int k6, int k7,
        -:   22:                  int k8, int k9, int k10) {
    #####:   23:    int* k = malloc(10 * sizeof(int));
    #####:   24:    k[0] = k1;
    #####:   25:    k[1] = k2;
    #####:   26:    k[2] = k3;
    #####:   27:    k[3] = k4;
    #####:   28:    k[4] = k5;
    #####:   29:    k[5] = k6;
    #####:   30:    k[6] = k7;
    #####:   31:    k[7] = k8;
    #####:   32:    k[8] = k9;
    #####:   33:    k[9] = k10;
    #####:   34:    return k;
        -:   35:}
        -:   36:
function initializeGame called 3000 returned 100% blocks executed 95%
     3000:   37:int initializeGame(int numPlayers, int kingdomCards[10], int randomSeed,
        -:   38:                   struct gameState *state) {
        -:   39:    
        -:   40:    int i;
        -:   41:    int j;
        -:   42:    int it;
        -:   43:    //set up random number generator
     3000:   44:    SelectStream(1);
call    0 returned 100%
     3000:   45:    PutSeed((long)randomSeed);
call    0 returned 100%
        -:   46:    
        -:   47:    //check number of players
     3000:   48:    if (numPlayers > MAX_PLAYERS || numPlayers < 2)
branch  0 taken 100% (fallthrough)
branch  1 taken 0%
branch  2 taken 0% (fallthrough)
branch  3 taken 100%
        -:   49:    {
    #####:   50:        return -1;
        -:   51:    }
        -:   52:    
        -:   53:    //set number of players
     3000:   54:    state->numPlayers = numPlayers;
        -:   55:    
        -:   56:    //check selected kingdom cards are different
    33000:   57:    for (i = 0; i < 10; i++)
branch  0 taken 91%
branch  1 taken 9% (fallthrough)
        -:   58:    {
   330000:   59:        for (j = 0; j < 10; j++)
branch  0 taken 91%
branch  1 taken 9% (fallthrough)
        -:   60:        {
   300000:   61:            if (j != i && kingdomCards[j] == kingdomCards[i])
branch  0 taken 90% (fallthrough)
branch  1 taken 10%
branch  2 taken 0% (fallthrough)
branch  3 taken 100%
        -:   62:            {
    #####:   63:                return -1;
        -:   64:            }
        -:   65:        }
        -:   66:    }
        -:   67:    
        -:   68:    //initialize supply
        -:   69:    ///////////////////////////////
        -:   70:    
        -:   71:    //set number of Curse cards
     3000:   72:    if (numPlayers == 2)
branch  0 taken 35% (fallthrough)
branch  1 taken 65%
        -:   73:    {
     1044:   74:        state->supplyCount[curse] = 10;
        -:   75:    }
     1956:   76:    else if (numPlayers == 3)
branch  0 taken 51% (fallthrough)
branch  1 taken 49%
        -:   77:    {
      996:   78:        state->supplyCount[curse] = 20;
        -:   79:    }
        -:   80:    else
        -:   81:    {
      960:   82:        state->supplyCount[curse] = 30;
        -:   83:    }
        -:   84:    
        -:   85:    //set number of Victory cards
     3000:   86:    if (numPlayers == 2)
branch  0 taken 35% (fallthrough)
branch  1 taken 65%
        -:   87:    {
     1044:   88:        state->supplyCount[estate] = 8;
     1044:   89:        state->supplyCount[duchy] = 8;
     1044:   90:        state->supplyCount[province] = 8;
        -:   91:    }
        -:   92:    else
        -:   93:    {
     1956:   94:        state->supplyCount[estate] = 12;
     1956:   95:        state->supplyCount[duchy] = 12;
     1956:   96:        state->supplyCount[province] = 12;
        -:   97:    }
        -:   98:    
        -:   99:    //set number of Treasure cards
     3000:  100:    state->supplyCount[copper] = 60 - (7 * numPlayers);
     3000:  101:    state->supplyCount[silver] = 40;
     3000:  102:    state->supplyCount[gold] = 30;
        -:  103:    
        -:  104:    //set number of Kingdom cards
    63000:  105:    for (i = adventurer; i <= treasure_map; i++)       	//loop all cards
branch  0 taken 95%
branch  1 taken 5% (fallthrough)
        -:  106:    {
   495000:  107:        for (j = 0; j < 10; j++)           		//loop chosen cards
branch  0 taken 94%
branch  1 taken 6% (fallthrough)
        -:  108:        {
   465000:  109:            if (kingdomCards[j] == i)
branch  0 taken 6% (fallthrough)
branch  1 taken 94%
        -:  110:            {
        -:  111:                //check if card is a 'Victory' Kingdom card
    30000:  112:                if (kingdomCards[j] == great_hall || kingdomCards[j] == gardens)
branch  0 taken 90% (fallthrough)
branch  1 taken 10%
branch  2 taken 11% (fallthrough)
branch  3 taken 89%
        -:  113:                {
    12000:  114:                    if (numPlayers == 2){
branch  0 taken 35% (fallthrough)
branch  1 taken 65%
     2088:  115:                        state->supplyCount[i] = 8;
        -:  116:                    }
     3912:  117:                    else{ state->supplyCount[i] = 12; }
        -:  118:                }
        -:  119:                else
        -:  120:                {
    24000:  121:                    state->supplyCount[i] = 10;
        -:  122:                }
    30000:  123:                break;
        -:  124:            }
        -:  125:            else    //card is not in the set choosen for the game
        -:  126:            {
   435000:  127:                state->supplyCount[i] = -1;
        -:  128:            }
        -:  129:        }
        -:  130:        
        -:  131:    }
        -:  132:    
        -:  133:    ////////////////////////
        -:  134:    //supply intilization complete
        -:  135:    
        -:  136:    //set player decks
    11916:  137:    for (i = 0; i < numPlayers; i++)
branch  0 taken 75%
branch  1 taken 25% (fallthrough)
        -:  138:    {
     8916:  139:        state->deckCount[i] = 0;
    35664:  140:        for (j = 0; j < 3; j++)
branch  0 taken 75%
branch  1 taken 25% (fallthrough)
        -:  141:        {
    26748:  142:            state->deck[i][j] = estate;
    26748:  143:            state->deckCount[i]++;
        -:  144:        }
    71328:  145:        for (j = 3; j < 10; j++)
branch  0 taken 88%
branch  1 taken 13% (fallthrough)
        -:  146:        {
    62412:  147:            state->deck[i][j] = copper;
    62412:  148:            state->deckCount[i]++;
        -:  149:        }
        -:  150:    }
        -:  151:    
        -:  152:    //shuffle player decks
    11916:  153:    for (i = 0; i < numPlayers; i++)
branch  0 taken 75%
branch  1 taken 25% (fallthrough)
        -:  154:    {
     8916:  155:        if ( shuffle(i, state) < 0 )
call    0 returned 100%
branch  1 taken 0% (fallthrough)
branch  2 taken 100%
        -:  156:        {
    #####:  157:            return -1;
        -:  158:        }
        -:  159:    }
        -:  160:    
        -:  161:    //draw player hands
    11916:  162:    for (i = 0; i < numPlayers; i++)
branch  0 taken 75%
branch  1 taken 25% (fallthrough)
        -:  163:    {
        -:  164:        //initialize hand size to zero
     8916:  165:        state->handCount[i] = 0;
     8916:  166:        state->discardCount[i] = 0;
        -:  167:        //draw 5 cards
        -:  168:        // for (j = 0; j < 5; j++)
        -:  169:        //	{
        -:  170:        //	  drawCard(i, state);
        -:  171:        //	}
        -:  172:    }
        -:  173:    
        -:  174:    //set embargo tokens to 0 for all supply piles
    84000:  175:    for (i = 0; i <= treasure_map; i++)
branch  0 taken 96%
branch  1 taken 4% (fallthrough)
        -:  176:    {
    81000:  177:        state->embargoTokens[i] = 0;
        -:  178:    }
        -:  179:    
        -:  180:    //initialize first player's turn
     3000:  181:    state->outpostPlayed = 0;
     3000:  182:    state->phase = 0;
     3000:  183:    state->numActions = 1;
     3000:  184:    state->numBuys = 1;
     3000:  185:    state->playedCardCount = 0;
     3000:  186:    state->whoseTurn = 0;
     3000:  187:    state->handCount[state->whoseTurn] = 0;
        -:  188:    //int it; move to top
        -:  189:    
        -:  190:    //Moved draw cards to here, only drawing at the start of a turn
    18000:  191:    for (it = 0; it < 5; it++){
branch  0 taken 83%
branch  1 taken 17% (fallthrough)
    15000:  192:        drawCard(state->whoseTurn, state);
call    0 returned 100%
        -:  193:    }
        -:  194:    
     3000:  195:    updateCoins(state->whoseTurn, state, 0);
call    0 returned 100%
        -:  196:    
     3000:  197:    return 0;
        -:  198:}
        -:  199:
function shuffle called 8916 returned 100% blocks executed 94%
     8916:  200:int shuffle(int player, struct gameState *state) {
        -:  201:    
        -:  202:    
        -:  203:    int newDeck[MAX_DECK];
     8916:  204:    int newDeckPos = 0;
        -:  205:    int card;
        -:  206:    int i;
        -:  207:    
     8916:  208:    if (state->deckCount[player] < 1)
branch  0 taken 0% (fallthrough)
branch  1 taken 100%
    #####:  209:        return -1;
     8916:  210:    qsort ((void*)(state->deck[player]), state->deckCount[player], sizeof(int), compare);
call    0 returned 100%
        -:  211:    /* SORT CARDS IN DECK TO ENSURE DETERMINISM! */
        -:  212:    
   106992:  213:    while (state->deckCount[player] > 0) {
branch  0 taken 91%
branch  1 taken 9% (fallthrough)
    89160:  214:        card = floor(Random() * state->deckCount[player]);
call    0 returned 100%
    89160:  215:        newDeck[newDeckPos] = state->deck[player][card];
    89160:  216:        newDeckPos++;
   297321:  217:        for (i = card; i < state->deckCount[player]-1; i++) {
branch  0 taken 70%
branch  1 taken 30% (fallthrough)
   208161:  218:            state->deck[player][i] = state->deck[player][i+1];
        -:  219:        }
    89160:  220:        state->deckCount[player]--;
        -:  221:    }
    98076:  222:    for (i = 0; i < newDeckPos; i++) {
branch  0 taken 91%
branch  1 taken 9% (fallthrough)
    89160:  223:        state->deck[player][i] = newDeck[i];
    89160:  224:        state->deckCount[player]++;
        -:  225:    }
        -:  226:    
     8916:  227:    return 0;
        -:  228:}
        -:  229:
function playCard called 0 returned 0% blocks executed 0%
    #####:  230:int playCard(int handPos, int choice1, int choice2, int choice3, struct gameState *state)
        -:  231:{
        -:  232:    int card;
    #####:  233:    int coin_bonus = 0; 		//tracks coins gain from actions
        -:  234:    
        -:  235:    //check if it is the right phase
    #####:  236:    if (state->phase != 0)
branch  0 never executed
branch  1 never executed
        -:  237:    {
    #####:  238:        return -1;
        -:  239:    }
        -:  240:    
        -:  241:    //check if player has enough actions
    #####:  242:    if ( state->numActions < 1 )
branch  0 never executed
branch  1 never executed
        -:  243:    {
    #####:  244:        return -1;
        -:  245:    }
        -:  246:    
        -:  247:    //get card played
    #####:  248:    card = handCard(handPos, state);
call    0 never executed
        -:  249:    
        -:  250:    //check if selected card is an action
    #####:  251:    if ( card < adventurer || card > treasure_map )
branch  0 never executed
branch  1 never executed
branch  2 never executed
branch  3 never executed
        -:  252:    {
    #####:  253:        return -1;
        -:  254:    }
        -:  255:
        -:  256:    //play card
    #####:  257:    if ( cardEffect(card, choice1, choice2, choice3, state, handPos, &coin_bonus) < 0 )
call    0 never executed
branch  1 never executed
branch  2 never executed
        -:  258:    {
    #####:  259:        return -1;
        -:  260:    }
        -:  261:    
        -:  262:    //reduce number of actions
    #####:  263:    state->numActions--;
        -:  264:    
        -:  265:    //update coins (Treasure cards may be added with card draws)
    #####:  266:    updateCoins(state->whoseTurn, state, coin_bonus);
call    0 never executed
        -:  267:    
    #####:  268:    return 0;
        -:  269:}
        -:  270:
function buyCard called 0 returned 0% blocks executed 0%
    #####:  271:int buyCard(int supplyPos, struct gameState *state) {
        -:  272:    int who;
        -:  273:    if (DEBUG){
        -:  274:        printf("Entering buyCard...\n");
        -:  275:    }
        -:  276:    
        -:  277:    // I don't know what to do about the phase thing.
        -:  278:    
    #####:  279:    who = state->whoseTurn;
        -:  280:    
    #####:  281:    if (state->numBuys < 1){
branch  0 never executed
branch  1 never executed
        -:  282:        if (DEBUG)
        -:  283:            printf("You do not have any buys left\n");
    #####:  284:        return -1;
    #####:  285:    } else if (supplyCount(supplyPos, state) <1){
call    0 never executed
branch  1 never executed
branch  2 never executed
        -:  286:        if (DEBUG)
        -:  287:            printf("There are not any of that type of card left\n");
    #####:  288:        return -1;
    #####:  289:    } else if (state->coins < getCost(supplyPos)){
call    0 never executed
branch  1 never executed
branch  2 never executed
        -:  290:        if (DEBUG)
        -:  291:            printf("You do not have enough money to buy that. You have %d coins.\n", state->coins);
    #####:  292:        return -1;
        -:  293:    } else {
    #####:  294:        state->phase=1;
        -:  295:        //state->supplyCount[supplyPos]--;
    #####:  296:        gainCard(supplyPos, state, 0, who); //card goes in discard, this might be wrong.. (2 means goes into hand, 0 goes into discard)
call    0 never executed
        -:  297:        
    #####:  298:        state->coins = (state->coins) - (getCost(supplyPos));
call    0 never executed
    #####:  299:        state->numBuys--;
        -:  300:        if (DEBUG)
        -:  301:            printf("You bought card number %d for %d coins. You now have %d buys and %d coins.\n", supplyPos, getCost(supplyPos), state->numBuys, state->coins);
        -:  302:    }
        -:  303:    
        -:  304:    //state->discard[who][state->discardCount[who]] = supplyPos;
        -:  305:    //state->discardCount[who]++;
        -:  306:    
    #####:  307:    return 0;
        -:  308:}
        -:  309:
function numHandCards called 0 returned 0% blocks executed 0%
    #####:  310:int numHandCards(struct gameState *state) {
    #####:  311:    return state->handCount[ whoseTurn(state) ];
call    0 never executed
        -:  312:}
        -:  313:
function handCard called 0 returned 0% blocks executed 0%
    #####:  314:int handCard(int handPos, struct gameState *state) {
    #####:  315:    int currentPlayer = whoseTurn(state);
call    0 never executed
    #####:  316:    return state->hand[currentPlayer][handPos];
        -:  317:}
        -:  318:
function supplyCount called 0 returned 0% blocks executed 0%
    #####:  319:int supplyCount(int card, struct gameState *state) {
    #####:  320:    return state->supplyCount[card];
        -:  321:}
        -:  322:
function fullDeckCount called 0 returned 0% blocks executed 0%
    #####:  323:int fullDeckCount(int player, int card, struct gameState *state) {
        -:  324:    int i;
    #####:  325:    int count = 0;
        -:  326:    
    #####:  327:    for (i = 0; i < state->deckCount[player]; i++)
branch  0 never executed
branch  1 never executed
        -:  328:    {
    #####:  329:        if (state->deck[player][i] == card) count++;
branch  0 never executed
branch  1 never executed
        -:  330:    }
        -:  331:    
    #####:  332:    for (i = 0; i < state->handCount[player]; i++)
branch  0 never executed
branch  1 never executed
        -:  333:    {
    #####:  334:        if (state->hand[player][i] == card) count++;
branch  0 never executed
branch  1 never executed
        -:  335:    }
        -:  336:    
    #####:  337:    for (i = 0; i < state->discardCount[player]; i++)
branch  0 never executed
branch  1 never executed
        -:  338:    {
    #####:  339:        if (state->discard[player][i] == card) count++;
branch  0 never executed
branch  1 never executed
        -:  340:    }
        -:  341:    
    #####:  342:    return count;
        -:  343:}
        -:  344:
function whoseTurn called 3000 returned 100% blocks executed 100%
     3000:  345:int whoseTurn(struct gameState *state) {
     3000:  346:    return state->whoseTurn;
        -:  347:}
        -:  348:
function endTurn called 0 returned 0% blocks executed 0%
    #####:  349:int endTurn(struct gameState *state) {
        -:  350:    int k;
        -:  351:    int i;
    #####:  352:    int currentPlayer = whoseTurn(state);
call    0 never executed
        -:  353:    
        -:  354:    //Discard hand
    #####:  355:    for (i = 0; i < state->handCount[currentPlayer]; i++){
branch  0 never executed
branch  1 never executed
    #####:  356:        state->discard[currentPlayer][state->discardCount[currentPlayer]++] = state->hand[currentPlayer][i];//Discard
    #####:  357:        state->hand[currentPlayer][i] = -1;//Set card to -1
        -:  358:    }
    #####:  359:    state->handCount[currentPlayer] = 0;//Reset hand count
        -:  360:    
        -:  361:    //Code for determining the player
    #####:  362:    if (currentPlayer < (state->numPlayers - 1)){
branch  0 never executed
branch  1 never executed
    #####:  363:        state->whoseTurn = currentPlayer + 1;//Still safe to increment
        -:  364:    }
        -:  365:    else{
    #####:  366:        state->whoseTurn = 0;//Max player has been reached, loop back around to player 1
        -:  367:    }
        -:  368:    
    #####:  369:    state->outpostPlayed = 0;
    #####:  370:    state->phase = 0;
    #####:  371:    state->numActions = 1;
    #####:  372:    state->coins = 0;
    #####:  373:    state->numBuys = 1;
    #####:  374:    state->playedCardCount = 0;
    #####:  375:    state->handCount[state->whoseTurn] = 0;
        -:  376:    
        -:  377:    //int k; move to top
        -:  378:    //Next player draws hand
    #####:  379:    for (k = 0; k < 5; k++){
branch  0 never executed
branch  1 never executed
    #####:  380:        drawCard(state->whoseTurn, state);//Draw a card
call    0 never executed
        -:  381:    }
        -:  382:    
        -:  383:    //Update money
    #####:  384:    updateCoins(state->whoseTurn, state , 0);
call    0 never executed
        -:  385:    
    #####:  386:    return 0;
        -:  387:}
        -:  388:
function isGameOver called 0 returned 0% blocks executed 0%
    #####:  389:int isGameOver(struct gameState *state) {
        -:  390:    int i;
        -:  391:    int j;
        -:  392:    
        -:  393:    //if stack of Province cards is empty, the game ends
    #####:  394:    if (state->supplyCount[province] == 0)
branch  0 never executed
branch  1 never executed
        -:  395:    {
    #####:  396:        return 1;
        -:  397:    }
        -:  398:    
        -:  399:    //if three supply pile are at 0, the game ends
    #####:  400:    j = 0;
    #####:  401:    for (i = 0; i < 25; i++)
branch  0 never executed
branch  1 never executed
        -:  402:    {
    #####:  403:        if (state->supplyCount[i] == 0)
branch  0 never executed
branch  1 never executed
        -:  404:        {
    #####:  405:            j++;
        -:  406:        }
        -:  407:    }
    #####:  408:    if ( j >= 3)
branch  0 never executed
branch  1 never executed
        -:  409:    {
    #####:  410:        return 1;
        -:  411:    }
        -:  412:    
    #####:  413:    return 0;
        -:  414:}
        -:  415:
function scoreFor called 0 returned 0% blocks executed 0%
    #####:  416:int scoreFor (int player, struct gameState *state) {
        -:  417:    
        -:  418:    int i;
    #####:  419:    int score = 0;
        -:  420:    //score from hand
    #####:  421:    for (i = 0; i < state->handCount[player]; i++)
branch  0 never executed
branch  1 never executed
        -:  422:    {
    #####:  423:        if (state->hand[player][i] == curse) { score = score - 1; };
branch  0 never executed
branch  1 never executed
    #####:  424:        if (state->hand[player][i] == estate) { score = score + 1; };
branch  0 never executed
branch  1 never executed
    #####:  425:        if (state->hand[player][i] == duchy) { score = score + 3; };
branch  0 never executed
branch  1 never executed
    #####:  426:        if (state->hand[player][i] == province) { score = score + 6; };
branch  0 never executed
branch  1 never executed
    #####:  427:        if (state->hand[player][i] == great_hall) { score = score + 1; };
branch  0 never executed
branch  1 never executed
    #####:  428:        if (state->hand[player][i] == gardens) { score = score + ( fullDeckCount(player, 0, state) / 10 ); };
branch  0 never executed
branch  1 never executed
call    2 never executed
        -:  429:    }
        -:  430:    
        -:  431:    //score from discard
    #####:  432:    for (i = 0; i < state->discardCount[player]; i++)
branch  0 never executed
branch  1 never executed
        -:  433:    {
    #####:  434:        if (state->discard[player][i] == curse) { score = score - 1; };
branch  0 never executed
branch  1 never executed
    #####:  435:        if (state->discard[player][i] == estate) { score = score + 1; };
branch  0 never executed
branch  1 never executed
    #####:  436:        if (state->discard[player][i] == duchy) { score = score + 3; };
branch  0 never executed
branch  1 never executed
    #####:  437:        if (state->discard[player][i] == province) { score = score + 6; };
branch  0 never executed
branch  1 never executed
    #####:  438:        if (state->discard[player][i] == great_hall) { score = score + 1; };
branch  0 never executed
branch  1 never executed
    #####:  439:        if (state->discard[player][i] == gardens) { score = score + ( fullDeckCount(player, 0, state) / 10 ); };
branch  0 never executed
branch  1 never executed
call    2 never executed
        -:  440:    }
        -:  441:    
        -:  442:    //score from deck
    #####:  443:    for (i = 0; i < state->discardCount[player]; i++)
branch  0 never executed
branch  1 never executed
        -:  444:    {
    #####:  445:        if (state->deck[player][i] == curse) { score = score - 1; };
branch  0 never executed
branch  1 never executed
    #####:  446:        if (state->deck[player][i] == estate) { score = score + 1; };
branch  0 never executed
branch  1 never executed
    #####:  447:        if (state->deck[player][i] == duchy) { score = score + 3; };
branch  0 never executed
branch  1 never executed
    #####:  448:        if (state->deck[player][i] == province) { score = score + 6; };
branch  0 never executed
branch  1 never executed
    #####:  449:        if (state->deck[player][i] == great_hall) { score = score + 1; };
branch  0 never executed
branch  1 never executed
    #####:  450:        if (state->deck[player][i] == gardens) { score = score + ( fullDeckCount(player, 0, state) / 10 ); };
branch  0 never executed
branch  1 never executed
call    2 never executed
        -:  451:    }
        -:  452:    
    #####:  453:    return score;
        -:  454:}
        -:  455:
function getWinners called 0 returned 0% blocks executed 0%
    #####:  456:int getWinners(int players[MAX_PLAYERS], struct gameState *state) {
        -:  457:    int i;
        -:  458:    int j;
        -:  459:    int highScore;
        -:  460:    int currentPlayer;
        -:  461:    
        -:  462:    //get score for each player
    #####:  463:    for (i = 0; i < MAX_PLAYERS; i++)
branch  0 never executed
branch  1 never executed
        -:  464:    {
        -:  465:        //set unused player scores to -9999
    #####:  466:        if (i >= state->numPlayers)
branch  0 never executed
branch  1 never executed
        -:  467:        {
    #####:  468:            players[i] = -9999;
        -:  469:        }
        -:  470:        else
        -:  471:        {
    #####:  472:            players[i] = scoreFor (i, state);
call    0 never executed
        -:  473:        }
        -:  474:    }
        -:  475:    
        -:  476:    //find highest score
    #####:  477:    j = 0;
    #####:  478:    for (i = 0; i < MAX_PLAYERS; i++)
branch  0 never executed
branch  1 never executed
        -:  479:    {
    #####:  480:        if (players[i] > players[j])
branch  0 never executed
branch  1 never executed
        -:  481:        {
    #####:  482:            j = i;
        -:  483:        }
        -:  484:    }
    #####:  485:    highScore = players[j];
        -:  486:    
        -:  487:    //add 1 to players who had less turns
    #####:  488:    currentPlayer = whoseTurn(state);
call    0 never executed
    #####:  489:    for (i = 0; i < MAX_PLAYERS; i++)
branch  0 never executed
branch  1 never executed
        -:  490:    {
    #####:  491:        if ( players[i] == highScore && i > currentPlayer )
branch  0 never executed
branch  1 never executed
branch  2 never executed
branch  3 never executed
        -:  492:        {
    #####:  493:            players[i]++;
        -:  494:        }
        -:  495:    }
        -:  496:    
        -:  497:    //find new highest score
    #####:  498:    j = 0;
    #####:  499:    for (i = 0; i < MAX_PLAYERS; i++)
branch  0 never executed
branch  1 never executed
        -:  500:    {
    #####:  501:        if ( players[i] > players[j] )
branch  0 never executed
branch  1 never executed
        -:  502:        {
    #####:  503:            j = i;
        -:  504:        }
        -:  505:    }
    #####:  506:    highScore = players[j];
        -:  507:    
        -:  508:    //set winners in array to 1 and rest to 0
    #####:  509:    for (i = 0; i < MAX_PLAYERS; i++)
branch  0 never executed
branch  1 never executed
        -:  510:    {
    #####:  511:        if ( players[i] == highScore )
branch  0 never executed
branch  1 never executed
        -:  512:        {
    #####:  513:            players[i] = 1;
        -:  514:        }
        -:  515:        else
        -:  516:        {
    #####:  517:            players[i] = 0;
        -:  518:        }
        -:  519:    }
        -:  520:    
    #####:  521:    return 0;
        -:  522:}
        -:  523:
function drawCard called 294880 returned 100% blocks executed 38%
   294880:  524:int drawCard(int player, struct gameState *state)
        -:  525:{	int count;
        -:  526:    int deckCounter;
   294880:  527:    if (state->deckCount[player] <= 0){//Deck is empty
branch  0 taken 0% (fallthrough)
branch  1 taken 100%
        -:  528:        
        -:  529:        //Step 1 Shuffle the discard pile back into a deck
        -:  530:        int i;
        -:  531:        //Move discard to deck
    #####:  532:        for (i = 0; i < state->discardCount[player];i++){
branch  0 never executed
branch  1 never executed
    #####:  533:            state->deck[player][i] = state->discard[player][i];
    #####:  534:            state->discard[player][i] = -1;
        -:  535:        }
        -:  536:        
    #####:  537:        state->deckCount[player] = state->discardCount[player];
    #####:  538:        state->discardCount[player] = 0;//Reset discard
        -:  539:        
        -:  540:        //Shufffle the deck
    #####:  541:        shuffle(player, state);//Shuffle the deck up and make it so that we can draw
call    0 never executed
        -:  542:        
        -:  543:        if (DEBUG){//Debug statements
        -:  544:            printf("Deck count now: %d\n", state->deckCount[player]);
        -:  545:        }
        -:  546:        
    #####:  547:        state->discardCount[player] = 0;
        -:  548:        
        -:  549:        //Step 2 Draw Card
    #####:  550:        count = state->handCount[player];//Get current player's hand count
        -:  551:        
        -:  552:        if (DEBUG){//Debug statements
        -:  553:            printf("Current hand count: %d\n", count);
        -:  554:        }
        -:  555:        
    #####:  556:        deckCounter = state->deckCount[player];//Create a holder for the deck count
        -:  557:        
    #####:  558:        if (deckCounter == 0)
branch  0 never executed
branch  1 never executed
    #####:  559:            return -1;
        -:  560:        
    #####:  561:        state->hand[player][count] = state->deck[player][deckCounter - 1];//Add card to hand
    #####:  562:        state->deckCount[player]--;
    #####:  563:        state->handCount[player]++;//Increment hand count
        -:  564:    }
        -:  565:    
        -:  566:    else{
   294880:  567:        int count = state->handCount[player];//Get current hand count for player
        -:  568:        int deckCounter;
        -:  569:        if (DEBUG){//Debug statements
        -:  570:            printf("Current hand count: %d\n", count);
        -:  571:        }
        -:  572:        
   294880:  573:        deckCounter = state->deckCount[player];//Create holder for the deck count
   294880:  574:        state->hand[player][count] = state->deck[player][deckCounter - 1];//Add card to the hand
   294880:  575:        state->deckCount[player]--;
   294880:  576:        state->handCount[player]++;//Increment hand count
        -:  577:    }
        -:  578:    
   294880:  579:    return 0;
        -:  580:}
        -:  581:
function getCost called 0 returned 0% blocks executed 0%
    #####:  582:int getCost(int cardNumber)
        -:  583:{
    #####:  584:    switch( cardNumber )
branch  0 never executed
branch  1 never executed
branch  2 never executed
branch  3 never executed
branch  4 never executed
branch  5 never executed
branch  6 never executed
branch  7 never executed
branch  8 never executed
branch  9 never executed
branch 10 never executed
branch 11 never executed
branch 12 never executed
branch 13 never executed
branch 14 never executed
branch 15 never executed
branch 16 never executed
branch 17 never executed
branch 18 never executed
branch 19 never executed
branch 20 never executed
branch 21 never executed
branch 22 never executed
branch 23 never executed
branch 24 never executed
branch 25 never executed
branch 26 never executed
branch 27 never executed
        -:  585:    {
        -:  586:        case curse:
    #####:  587:            return 0;
        -:  588:        case estate:
    #####:  589:            return 2;
        -:  590:        case duchy:
    #####:  591:            return 5;
        -:  592:        case province:
    #####:  593:            return 8;
        -:  594:        case copper:
    #####:  595:            return 0;
        -:  596:        case silver:
    #####:  597:            return 3;
        -:  598:        case gold:
    #####:  599:            return 6;
        -:  600:        case adventurer:
    #####:  601:            return 6;
        -:  602:        case council_room:
    #####:  603:            return 5;
        -:  604:        case feast:
    #####:  605:            return 4;
        -:  606:        case gardens:
    #####:  607:            return 4;
        -:  608:        case mine:
    #####:  609:            return 5;
        -:  610:        case remodel:
    #####:  611:            return 4;
        -:  612:        case smithy:
    #####:  613:            return 4;
        -:  614:        case village:
    #####:  615:            return 3;
        -:  616:        case baron:
    #####:  617:            return 4;
        -:  618:        case great_hall:
    #####:  619:            return 3;
        -:  620:        case minion:
    #####:  621:            return 5;
        -:  622:        case steward:
    #####:  623:            return 3;
        -:  624:        case tribute:
    #####:  625:            return 5;
        -:  626:        case ambassador:
    #####:  627:            return 3;
        -:  628:        case cutpurse:
    #####:  629:            return 4;
        -:  630:        case embargo:
    #####:  631:            return 2;
        -:  632:        case outpost:
    #####:  633:            return 5;
        -:  634:        case salvager:
    #####:  635:            return 4;
        -:  636:        case sea_hag:
    #####:  637:            return 4;
        -:  638:        case treasure_map:
    #####:  639:            return 4;
        -:  640:    }
        -:  641:    
    #####:  642:    return -1;
        -:  643:}
        -:  644:
function cardEffect called 3000 returned 100% blocks executed 4%
     3000:  645:int cardEffect(int card, int choice1, int choice2, int choice3, struct gameState *state, int handPos, int *bonus)
        -:  646:{
        -:  647:    int i;
        -:  648:    int j;
        -:  649:    int k;
        -:  650:    int x;
        -:  651:    int index;
     3000:  652:    int currentPlayer = whoseTurn(state);
call    0 returned 100%
     3000:  653:    int nextPlayer = currentPlayer + 1;
        -:  654:    
     3000:  655:    int tributeRevealedCards[2] = {-1, -1};
        -:  656:    int temphand[MAX_HAND];// moved above the if statement
     3000:  657:    int drawntreasure=0;
        -:  658:    int cardDrawn;
     3000:  659:    int z = 0;// this is the counter for the temp hand
     3000:  660:    if (nextPlayer > (state->numPlayers - 1)){
branch  0 taken 37% (fallthrough)
branch  1 taken 63%
     1101:  661:        nextPlayer = 0;
        -:  662:    }
        -:  663:    
        -:  664:    //uses switch to select card and perform actions
     3000:  665:    switch( card )
branch  0 taken 33%
branch  1 taken 33%
branch  2 taken 0%
branch  3 taken 0%
branch  4 taken 0%
branch  5 taken 0%
branch  6 taken 0%
branch  7 taken 33%
branch  8 taken 0%
branch  9 taken 0%
branch 10 taken 0%
branch 11 taken 0%
branch 12 taken 0%
branch 13 taken 0%
branch 14 taken 0%
branch 15 taken 0%
branch 16 taken 0%
branch 17 taken 0%
branch 18 taken 0%
branch 19 taken 0%
branch 20 taken 0%
        -:  666:    {
        -:  667:        case adventurer:
     1000:  668:            return adventurerCard(currentPlayer, state, drawntreasure, cardDrawn, z, temphand);
call    0 returned 100%
        -:  669:           
        -:  670:            /* Original adventurer code
        -:  671:             while(drawntreasure<2){
        -:  672:             if (state->deckCount[currentPlayer] <1){//if the deck is empty we need to shuffle discard and add to deck
        -:  673:             shuffle(currentPlayer, state);
        -:  674:             }
        -:  675:             drawCard(currentPlayer, state);
        -:  676:             cardDrawn = state->hand[currentPlayer][state->handCount[currentPlayer]-1];//top card of hand is most recently drawn card.
        -:  677:             if (cardDrawn == copper || cardDrawn == silver || cardDrawn == gold)
        -:  678:             drawntreasure++;
        -:  679:             else{
        -:  680:             temphand[z]=cardDrawn;
        -:  681:             state->handCount[currentPlayer]--; //this should just remove the top card (the most recently drawn one).
        -:  682:             z++;
        -:  683:             }
        -:  684:             }
        -:  685:             while(z-1>=0){
        -:  686:             state->discard[currentPlayer][state->discardCount[currentPlayer]++]=temphand[z-1]; // discard all cards in play that have been drawn
        -:  687:             z=z-1;
        -:  688:             }
        -:  689:             return 0;
        -:  690:             end original adventurer code */
        -:  691:        case council_room:
     1000:  692:            return councilRoomCard(currentPlayer, state, handPos);
call    0 returned 100%
        -:  693:            /* Original code
        -:  694:             //+4 Cards
        -:  695:             for (i = 0; i < 4; i++)
        -:  696:             {
        -:  697:             drawCard(currentPlayer, state);
        -:  698:             }
        -:  699:             
        -:  700:             //+1 Buy
        -:  701:             state->numBuys++;
        -:  702:             
        -:  703:             //Each other player draws a card
        -:  704:             for (i = 0; i < state->numPlayers; i++)
        -:  705:             {
        -:  706:             if ( i != currentPlayer )
        -:  707:             {
        -:  708:             drawCard(i, state);
        -:  709:             }
        -:  710:             }
        -:  711:             
        -:  712:             //put played card in played card pile
        -:  713:             discardCard(handPos, currentPlayer, state, 0);
        -:  714:             
        -:  715:             return 0;
        -:  716:             end original code */
        -:  717:            
        -:  718:        case feast:
        -:  719:            //gain card with cost up to 5
        -:  720:            //Backup hand
    #####:  721:            for (i = 0; i <= state->handCount[currentPlayer]; i++){
branch  0 never executed
branch  1 never executed
    #####:  722:                temphand[i] = state->hand[currentPlayer][i];//Backup card
    #####:  723:                state->hand[currentPlayer][i] = -1;//Set to nothing
        -:  724:            }
        -:  725:            //Backup hand
        -:  726:            
        -:  727:            //Update Coins for Buy
    #####:  728:            updateCoins(currentPlayer, state, 5);
call    0 never executed
    #####:  729:            x = 1;//Condition to loop on
    #####:  730:            while( x == 1) {//Buy one card
branch  0 never executed
branch  1 never executed
    #####:  731:                if (supplyCount(choice1, state) <= 0){
call    0 never executed
branch  1 never executed
branch  2 never executed
        -:  732:                    if (DEBUG)
        -:  733:                        printf("None of that card left, sorry!\n");
        -:  734:                    
        -:  735:                    if (DEBUG){
        -:  736:                        printf("Cards Left: %d\n", supplyCount(choice1, state));
        -:  737:                    }
        -:  738:                }
    #####:  739:                else if (state->coins < getCost(choice1)){
call    0 never executed
branch  1 never executed
branch  2 never executed
    #####:  740:                    printf("That card is too expensive!\n");
call    0 never executed
        -:  741:                    
        -:  742:                    if (DEBUG){
        -:  743:                        printf("Coins: %d < %d\n", state->coins, getCost(choice1));
        -:  744:                    }
        -:  745:                }
        -:  746:                else{
        -:  747:                    
        -:  748:                    if (DEBUG){
        -:  749:                        printf("Deck Count: %d\n", state->handCount[currentPlayer] + state->deckCount[currentPlayer] + state->discardCount[currentPlayer]);
        -:  750:                    }
        -:  751:                    
    #####:  752:                    gainCard(choice1, state, 0, currentPlayer);//Gain the card
call    0 never executed
    #####:  753:                    x = 0;//No more buying cards
        -:  754:                    
        -:  755:                    if (DEBUG){
        -:  756:                        printf("Deck Count: %d\n", state->handCount[currentPlayer] + state->deckCount[currentPlayer] + state->discardCount[currentPlayer]);
        -:  757:                    }
        -:  758:                    
        -:  759:                }
        -:  760:            }
        -:  761:            
        -:  762:            //Reset Hand
    #####:  763:            for (i = 0; i <= state->handCount[currentPlayer]; i++){
branch  0 never executed
branch  1 never executed
    #####:  764:                state->hand[currentPlayer][i] = temphand[i];
    #####:  765:                temphand[i] = -1;
        -:  766:            }
        -:  767:            //Reset Hand
        -:  768:            
    #####:  769:            return 0;
        -:  770:            
        -:  771:        case gardens:
    #####:  772:            return -1;
        -:  773:            
        -:  774:        case mine:
    #####:  775:            j = state->hand[currentPlayer][choice1];  //store card we will trash
        -:  776:            
    #####:  777:            if (state->hand[currentPlayer][choice1] < copper || state->hand[currentPlayer][choice1] > gold)
branch  0 never executed
branch  1 never executed
branch  2 never executed
branch  3 never executed
        -:  778:            {
    #####:  779:                return -1;
        -:  780:            }
        -:  781:            
    #####:  782:            if (choice2 > treasure_map || choice2 < curse)
branch  0 never executed
branch  1 never executed
branch  2 never executed
branch  3 never executed
        -:  783:            {
    #####:  784:                return -1;
        -:  785:            }
        -:  786:            
    #####:  787:            if ( (getCost(state->hand[currentPlayer][choice1]) + 3) > getCost(choice2) )
call    0 never executed
call    1 never executed
branch  2 never executed
branch  3 never executed
        -:  788:            {
    #####:  789:                return -1;
        -:  790:            }
        -:  791:            
    #####:  792:            gainCard(choice2, state, 2, currentPlayer);
call    0 never executed
        -:  793:            
        -:  794:            //discard card from hand
    #####:  795:            discardCard(handPos, currentPlayer, state, 0);
call    0 never executed
        -:  796:            
        -:  797:            //discard trashed card
    #####:  798:            for (i = 0; i < state->handCount[currentPlayer]; i++)
branch  0 never executed
branch  1 never executed
        -:  799:            {
    #####:  800:                if (state->hand[currentPlayer][i] == j)
branch  0 never executed
branch  1 never executed
        -:  801:                {
    #####:  802:                    discardCard(i, currentPlayer, state, 0);
call    0 never executed
    #####:  803:                    break;
        -:  804:                }
        -:  805:            }
        -:  806:            
    #####:  807:            return 0;
        -:  808:            
        -:  809:        case remodel:
    #####:  810:            j = state->hand[currentPlayer][choice1];  //store card we will trash
        -:  811:            
    #####:  812:            if ( (getCost(state->hand[currentPlayer][choice1]) + 2) > getCost(choice2) )
call    0 never executed
call    1 never executed
branch  2 never executed
branch  3 never executed
        -:  813:            {
    #####:  814:                return -1;
        -:  815:            }
        -:  816:            
    #####:  817:            gainCard(choice2, state, 0, currentPlayer);
call    0 never executed
        -:  818:            
        -:  819:            //discard card from hand
    #####:  820:            discardCard(handPos, currentPlayer, state, 0);
call    0 never executed
        -:  821:            
        -:  822:            //discard trashed card
    #####:  823:            for (i = 0; i < state->handCount[currentPlayer]; i++)
branch  0 never executed
branch  1 never executed
        -:  824:            {
    #####:  825:                if (state->hand[currentPlayer][i] == j)
branch  0 never executed
branch  1 never executed
        -:  826:                {
    #####:  827:                    discardCard(i, currentPlayer, state, 0);
call    0 never executed
    #####:  828:                    break;
        -:  829:                }
        -:  830:            }
        -:  831:            
        -:  832:            
    #####:  833:            return 0;
        -:  834:            
        -:  835:        case smithy:
    #####:  836:            return smithyCard(currentPlayer, state, handPos);
call    0 never executed
        -:  837:            /* original code
        -:  838:             //+3 Cards
        -:  839:             for (i = 0; i < 3; i++)
        -:  840:             {
        -:  841:             drawCard(currentPlayer, state);
        -:  842:             }
        -:  843:             
        -:  844:             //discard card from hand
        -:  845:             discardCard(handPos, currentPlayer, state, 0);
        -:  846:             return 0;
        -:  847:             end original code*/
        -:  848:            
        -:  849:        case village:
     1000:  850:            return villageCard(currentPlayer, state, handPos);
call    0 returned 100%
        -:  851:            /* Original code
        -:  852:             //+1 Card
        -:  853:             drawCard(currentPlayer, state);
        -:  854:             
        -:  855:             //+2 Actions
        -:  856:             state->numActions = state->numActions + 2;
        -:  857:             
        -:  858:             //discard played card from hand
        -:  859:             discardCard(handPos, currentPlayer, state, 0);
        -:  860:             return 0;
        -:  861:             end original code */
        -:  862:            
        -:  863:        case baron:
    #####:  864:            state->numBuys++;//Increase buys by 1!
    #####:  865:            if (choice1 > 0){//Boolean true or going to discard an estate
branch  0 never executed
branch  1 never executed
    #####:  866:                int p = 0;//Iterator for hand!
    #####:  867:                int card_not_discarded = 1;//Flag for discard set!
    #####:  868:                while(card_not_discarded){
branch  0 never executed
branch  1 never executed
    #####:  869:                    if (state->hand[currentPlayer][p] == estate){//Found an estate card!
branch  0 never executed
branch  1 never executed
    #####:  870:                        state->coins += 4;//Add 4 coins to the amount of coins
    #####:  871:                        state->discard[currentPlayer][state->discardCount[currentPlayer]] = state->hand[currentPlayer][p];
    #####:  872:                        state->discardCount[currentPlayer]++;
    #####:  873:                        for (;p < state->handCount[currentPlayer]; p++){
branch  0 never executed
branch  1 never executed
    #####:  874:                            state->hand[currentPlayer][p] = state->hand[currentPlayer][p+1];
        -:  875:                        }
    #####:  876:                        state->hand[currentPlayer][state->handCount[currentPlayer]] = -1;
    #####:  877:                        state->handCount[currentPlayer]--;
    #####:  878:                        card_not_discarded = 0;//Exit the loop
        -:  879:                    }
    #####:  880:                    else if (p > state->handCount[currentPlayer]){
branch  0 never executed
branch  1 never executed
        -:  881:                        if(DEBUG) {
        -:  882:                            printf("No estate cards in your hand, invalid choice\n");
        -:  883:                            printf("Must gain an estate if there are any\n");
        -:  884:                        }
    #####:  885:                        if (supplyCount(estate, state) > 0){
call    0 never executed
branch  1 never executed
branch  2 never executed
    #####:  886:                            gainCard(estate, state, 0, currentPlayer);
call    0 never executed
    #####:  887:                            state->supplyCount[estate]--;//Decrement estates
    #####:  888:                            if (supplyCount(estate, state) == 0){
call    0 never executed
branch  1 never executed
branch  2 never executed
    #####:  889:                                isGameOver(state);
call    0 never executed
        -:  890:                            }
        -:  891:                        }
    #####:  892:                        card_not_discarded = 0;//Exit the loop
        -:  893:                    }
        -:  894:                    
        -:  895:                    else{
    #####:  896:                        p++;//Next card
        -:  897:                    }
        -:  898:                }
        -:  899:            }
        -:  900:            
        -:  901:            else{
    #####:  902:                if (supplyCount(estate, state) > 0){
call    0 never executed
branch  1 never executed
branch  2 never executed
    #####:  903:                    gainCard(estate, state, 0, currentPlayer);//Gain an estate
call    0 never executed
    #####:  904:                    state->supplyCount[estate]--;//Decrement Estates
    #####:  905:                    if (supplyCount(estate, state) == 0){
call    0 never executed
branch  1 never executed
branch  2 never executed
    #####:  906:                        isGameOver(state);
call    0 never executed
        -:  907:                    }
        -:  908:                }
        -:  909:            }
        -:  910:            
        -:  911:            
    #####:  912:            return 0;
        -:  913:            
        -:  914:        case great_hall:
    #####:  915:            return greatHallCard(currentPlayer, state, handPos);
call    0 never executed
        -:  916:            /* original code
        -:  917:             //+1 Card
        -:  918:             drawCard(currentPlayer, state);
        -:  919:             
        -:  920:             //+1 Actions
        -:  921:             state->numActions++;
        -:  922:             
        -:  923:             //discard card from hand
        -:  924:             discardCard(handPos, currentPlayer, state, 0);
        -:  925:             return 0;
        -:  926:             end original code */
        -:  927:            
        -:  928:        case minion:
        -:  929:            //+1 action
    #####:  930:            state->numActions++;
        -:  931:            
        -:  932:            //discard card from hand
    #####:  933:            discardCard(handPos, currentPlayer, state, 0);
call    0 never executed
        -:  934:            
    #####:  935:            if (choice1)		//+2 coins
branch  0 never executed
branch  1 never executed
        -:  936:            {
    #####:  937:                state->coins = state->coins + 2;
        -:  938:            }
        -:  939:            
    #####:  940:            else if (choice2)		//discard hand, redraw 4, other players with 5+ cards discard hand and draw 4
branch  0 never executed
branch  1 never executed
        -:  941:            {
        -:  942:                //discard hand
    #####:  943:                while(numHandCards(state) > 0)
call    0 never executed
branch  1 never executed
branch  2 never executed
        -:  944:                {
    #####:  945:                    discardCard(handPos, currentPlayer, state, 0);
call    0 never executed
        -:  946:                }
        -:  947:                
        -:  948:                //draw 4
    #####:  949:                for (i = 0; i < 4; i++)
branch  0 never executed
branch  1 never executed
        -:  950:                {
    #####:  951:                    drawCard(currentPlayer, state);
call    0 never executed
        -:  952:                }
        -:  953:                
        -:  954:                //other players discard hand and redraw if hand size > 4
    #####:  955:                for (i = 0; i < state->numPlayers; i++)
branch  0 never executed
branch  1 never executed
        -:  956:                {
    #####:  957:                    if (i != currentPlayer)
branch  0 never executed
branch  1 never executed
        -:  958:                    {
    #####:  959:                        if ( state->handCount[i] > 4 )
branch  0 never executed
branch  1 never executed
        -:  960:                        {
        -:  961:                            //discard hand
    #####:  962:                            while( state->handCount[i] > 0 )
branch  0 never executed
branch  1 never executed
        -:  963:                            {
    #####:  964:                                discardCard(handPos, i, state, 0);
call    0 never executed
        -:  965:                            }
        -:  966:                            
        -:  967:                            //draw 4
    #####:  968:                            for (j = 0; j < 4; j++)
branch  0 never executed
branch  1 never executed
        -:  969:                            {
    #####:  970:                                drawCard(i, state);
call    0 never executed
        -:  971:                            }
        -:  972:                        }
        -:  973:                    }
        -:  974:                }
        -:  975:                
        -:  976:            }
    #####:  977:            return 0;
        -:  978:            
        -:  979:        case steward:
    #####:  980:            if (choice1 == 1)
branch  0 never executed
branch  1 never executed
        -:  981:            {
        -:  982:                //+2 cards
    #####:  983:                drawCard(currentPlayer, state);
call    0 never executed
    #####:  984:                drawCard(currentPlayer, state);
call    0 never executed
        -:  985:            }
    #####:  986:            else if (choice1 == 2)
branch  0 never executed
branch  1 never executed
        -:  987:            {
        -:  988:                //+2 coins
    #####:  989:                state->coins = state->coins + 2;
        -:  990:            }
        -:  991:            else
        -:  992:            {
        -:  993:                //trash 2 cards in hand
    #####:  994:                discardCard(choice2, currentPlayer, state, 1);
call    0 never executed
    #####:  995:                discardCard(choice3, currentPlayer, state, 1);
call    0 never executed
        -:  996:            }
        -:  997:            
        -:  998:            //discard card from hand
    #####:  999:            discardCard(handPos, currentPlayer, state, 0);
call    0 never executed
    #####: 1000:            return 0;
        -: 1001:            
        -: 1002:        case tribute:
    #####: 1003:            if ((state->discardCount[nextPlayer] + state->deckCount[nextPlayer]) <= 1){
branch  0 never executed
branch  1 never executed
    #####: 1004:                if (state->deckCount[nextPlayer] > 0){
branch  0 never executed
branch  1 never executed
    #####: 1005:                    tributeRevealedCards[0] = state->deck[nextPlayer][state->deckCount[nextPlayer]-1];
    #####: 1006:                    state->deckCount[nextPlayer]--;
        -: 1007:                }
    #####: 1008:                else if (state->discardCount[nextPlayer] > 0){
branch  0 never executed
branch  1 never executed
    #####: 1009:                    tributeRevealedCards[0] = state->discard[nextPlayer][state->discardCount[nextPlayer]-1];
    #####: 1010:                    state->discardCount[nextPlayer]--;
        -: 1011:                }
        -: 1012:                else{
        -: 1013:                    //No Card to Reveal
        -: 1014:                    if (DEBUG){
        -: 1015:                        printf("No cards to reveal\n");
        -: 1016:                    }
        -: 1017:                }
        -: 1018:            }
        -: 1019:            
        -: 1020:            else{
    #####: 1021:                if (state->deckCount[nextPlayer] == 0){
branch  0 never executed
branch  1 never executed
    #####: 1022:                    for (i = 0; i < state->discardCount[nextPlayer]; i++){
branch  0 never executed
branch  1 never executed
    #####: 1023:                        state->deck[nextPlayer][i] = state->discard[nextPlayer][i];//Move to deck
    #####: 1024:                        state->deckCount[nextPlayer]++;
    #####: 1025:                        state->discard[nextPlayer][i] = -1;
    #####: 1026:                        state->discardCount[nextPlayer]--;
        -: 1027:                    }
        -: 1028:                    
    #####: 1029:                    shuffle(nextPlayer,state);//Shuffle the deck
call    0 never executed
        -: 1030:                }
    #####: 1031:                tributeRevealedCards[0] = state->deck[nextPlayer][state->deckCount[nextPlayer]-1];
    #####: 1032:                state->deck[nextPlayer][state->deckCount[nextPlayer]--] = -1;
    #####: 1033:                state->deckCount[nextPlayer]--;
    #####: 1034:                tributeRevealedCards[1] = state->deck[nextPlayer][state->deckCount[nextPlayer]-1];
    #####: 1035:                state->deck[nextPlayer][state->deckCount[nextPlayer]--] = -1;
    #####: 1036:                state->deckCount[nextPlayer]--;
        -: 1037:            }
        -: 1038:            
    #####: 1039:            if (tributeRevealedCards[0] == tributeRevealedCards[1]){//If we have a duplicate card, just drop one
branch  0 never executed
branch  1 never executed
    #####: 1040:                state->playedCards[state->playedCardCount] = tributeRevealedCards[1];
    #####: 1041:                state->playedCardCount++;
    #####: 1042:                tributeRevealedCards[1] = -1;
        -: 1043:            }
        -: 1044:            
    #####: 1045:            for (i = 0; i <= 2; i ++){
branch  0 never executed
branch  1 never executed
    #####: 1046:                if (tributeRevealedCards[i] == copper || tributeRevealedCards[i] == silver || tributeRevealedCards[i] == gold){//Treasure cards
branch  0 never executed
branch  1 never executed
branch  2 never executed
branch  3 never executed
branch  4 never executed
branch  5 never executed
    #####: 1047:                    state->coins += 2;
        -: 1048:                }
        -: 1049:                
    #####: 1050:                else if (tributeRevealedCards[i] == estate || tributeRevealedCards[i] == duchy || tributeRevealedCards[i] == province || tributeRevealedCards[i] == gardens || tributeRevealedCards[i] == great_hall){//Victory Card Found
branch  0 never executed
branch  1 never executed
branch  2 never executed
branch  3 never executed
branch  4 never executed
branch  5 never executed
branch  6 never executed
branch  7 never executed
branch  8 never executed
branch  9 never executed
    #####: 1051:                    drawCard(currentPlayer, state);
call    0 never executed
    #####: 1052:                    drawCard(currentPlayer, state);
call    0 never executed
        -: 1053:                }
        -: 1054:                else{//Action Card
    #####: 1055:                    state->numActions = state->numActions + 2;
        -: 1056:                }
        -: 1057:            }
        -: 1058:            
    #####: 1059:            return 0;
        -: 1060:            
        -: 1061:        case ambassador:
    #####: 1062:            j = 0;		//used to check if player has enough cards to discard
        -: 1063:            
    #####: 1064:            if (choice2 > 2 || choice2 < 0)
branch  0 never executed
branch  1 never executed
branch  2 never executed
branch  3 never executed
        -: 1065:            {
    #####: 1066:                return -1;
        -: 1067:            }
        -: 1068:            
    #####: 1069:            if (choice1 == handPos)
branch  0 never executed
branch  1 never executed
        -: 1070:            {
    #####: 1071:                return -1;
        -: 1072:            }
        -: 1073:            
    #####: 1074:            for (i = 0; i < state->handCount[currentPlayer]; i++)
branch  0 never executed
branch  1 never executed
        -: 1075:            {
    #####: 1076:                if (i != handPos && i == state->hand[currentPlayer][choice1] && i != choice1)
branch  0 never executed
branch  1 never executed
branch  2 never executed
branch  3 never executed
branch  4 never executed
branch  5 never executed
        -: 1077:                {
    #####: 1078:                    j++;
        -: 1079:                }
        -: 1080:            }
    #####: 1081:            if (j < choice2)
branch  0 never executed
branch  1 never executed
        -: 1082:            {
    #####: 1083:                return -1;
        -: 1084:            }
        -: 1085:            
        -: 1086:            if (DEBUG)
        -: 1087:                printf("Player %d reveals card number: %d\n", currentPlayer, state->hand[currentPlayer][choice1]);
        -: 1088:            
        -: 1089:            //increase supply count for choosen card by amount being discarded
    #####: 1090:            state->supplyCount[state->hand[currentPlayer][choice1]] += choice2;
        -: 1091:            
        -: 1092:            //each other player gains a copy of revealed card
    #####: 1093:            for (i = 0; i < state->numPlayers; i++)
branch  0 never executed
branch  1 never executed
        -: 1094:            {
    #####: 1095:                if (i != currentPlayer)
branch  0 never executed
branch  1 never executed
        -: 1096:                {
    #####: 1097:                    gainCard(state->hand[currentPlayer][choice1], state, 0, i);
call    0 never executed
        -: 1098:                }
        -: 1099:            }
        -: 1100:            
        -: 1101:            //discard played card from hand
    #####: 1102:            discardCard(handPos, currentPlayer, state, 0);
call    0 never executed
        -: 1103:            
        -: 1104:            //trash copies of cards returned to supply
    #####: 1105:            for (j = 0; j < choice2; j++)
branch  0 never executed
branch  1 never executed
        -: 1106:            {
    #####: 1107:                for (i = 0; i < state->handCount[currentPlayer]; i++)
branch  0 never executed
branch  1 never executed
        -: 1108:                {
    #####: 1109:                    if (state->hand[currentPlayer][i] == state->hand[currentPlayer][choice1])
branch  0 never executed
branch  1 never executed
        -: 1110:                    {
    #####: 1111:                        discardCard(i, currentPlayer, state, 1);
call    0 never executed
    #####: 1112:                        break;
        -: 1113:                    }
        -: 1114:                }
        -: 1115:            }
        -: 1116:            
    #####: 1117:            return 0;
        -: 1118:            
        -: 1119:        case cutpurse:
        -: 1120:            
    #####: 1121:            updateCoins(currentPlayer, state, 2);
call    0 never executed
    #####: 1122:            for (i = 0; i < state->numPlayers; i++)
branch  0 never executed
branch  1 never executed
        -: 1123:            {
    #####: 1124:                if (i != currentPlayer)
branch  0 never executed
branch  1 never executed
        -: 1125:                {
    #####: 1126:                    for (j = 0; j < state->handCount[i]; j++)
branch  0 never executed
branch  1 never executed
        -: 1127:                    {
    #####: 1128:                        if (state->hand[i][j] == copper)
branch  0 never executed
branch  1 never executed
        -: 1129:                        {
    #####: 1130:                            discardCard(j, i, state, 0);
call    0 never executed
    #####: 1131:                            break;
        -: 1132:                        }
    #####: 1133:                        if (j == state->handCount[i])
branch  0 never executed
branch  1 never executed
        -: 1134:                        {
    #####: 1135:                            for (k = 0; k < state->handCount[i]; k++)
branch  0 never executed
branch  1 never executed
        -: 1136:                            {
        -: 1137:                                if (DEBUG)
        -: 1138:                                    printf("Player %d reveals card number %d\n", i, state->hand[i][k]);
        -: 1139:                            }	
    #####: 1140:                            break;
        -: 1141:                        }		
        -: 1142:                    }
        -: 1143:                    
        -: 1144:                }
        -: 1145:                
        -: 1146:            }				
        -: 1147:            
        -: 1148:            //discard played card from hand
    #####: 1149:            discardCard(handPos, currentPlayer, state, 0);			
call    0 never executed
        -: 1150:            
    #####: 1151:            return 0;
        -: 1152:            
        -: 1153:            
        -: 1154:        case embargo: 
        -: 1155:            //+2 Coins
    #####: 1156:            state->coins = state->coins + 2;
        -: 1157:            
        -: 1158:            //see if selected pile is in play
    #####: 1159:            if ( state->supplyCount[choice1] == -1 )
branch  0 never executed
branch  1 never executed
        -: 1160:            {
    #####: 1161:                return -1;
        -: 1162:            }
        -: 1163:            
        -: 1164:            //add embargo token to selected supply pile
    #####: 1165:            state->embargoTokens[choice1]++;
        -: 1166:            
        -: 1167:            //trash card
    #####: 1168:            discardCard(handPos, currentPlayer, state, 1);		
call    0 never executed
    #####: 1169:            return 0;
        -: 1170:            
        -: 1171:        case outpost:
        -: 1172:            //set outpost flag
    #####: 1173:            state->outpostPlayed++;
        -: 1174:            
        -: 1175:            //discard card
    #####: 1176:            discardCard(handPos, currentPlayer, state, 0);
call    0 never executed
    #####: 1177:            return 0;
        -: 1178:            
        -: 1179:        case salvager:
        -: 1180:            //+1 buy
    #####: 1181:            state->numBuys++;
        -: 1182:            
    #####: 1183:            if (choice1)
branch  0 never executed
branch  1 never executed
        -: 1184:            {
        -: 1185:                //gain coins equal to trashed card
    #####: 1186:                state->coins = state->coins + getCost( handCard(choice1, state) );
call    0 never executed
call    1 never executed
        -: 1187:                //trash card
    #####: 1188:                discardCard(choice1, currentPlayer, state, 1);	
call    0 never executed
        -: 1189:            }
        -: 1190:            
        -: 1191:            //discard card
    #####: 1192:            discardCard(handPos, currentPlayer, state, 0);
call    0 never executed
    #####: 1193:            return 0;
        -: 1194:            
        -: 1195:        case sea_hag:
    #####: 1196:            for (i = 0; i < state->numPlayers; i++){
branch  0 never executed
branch  1 never executed
    #####: 1197:                if (i != currentPlayer){
branch  0 never executed
branch  1 never executed
    #####: 1198:                    state->discard[i][state->discardCount[i]] = state->deck[i][state->deckCount[i]--];			    state->deckCount[i]--;
    #####: 1199:                    state->discardCount[i]++;
    #####: 1200:                    state->deck[i][state->deckCount[i]--] = curse;//Top card now a curse
        -: 1201:                }
        -: 1202:            }
    #####: 1203:            return 0;
        -: 1204:            
        -: 1205:        case treasure_map:
        -: 1206:            //search hand for another treasure_map
    #####: 1207:            index = -1;
    #####: 1208:            for (i = 0; i < state->handCount[currentPlayer]; i++)
branch  0 never executed
branch  1 never executed
        -: 1209:            {
    #####: 1210:                if (state->hand[currentPlayer][i] == treasure_map && i != handPos)
branch  0 never executed
branch  1 never executed
branch  2 never executed
branch  3 never executed
        -: 1211:                {
    #####: 1212:                    index = i;
    #####: 1213:                    break;
        -: 1214:                }
        -: 1215:            }
    #####: 1216:            if (index > -1)
branch  0 never executed
branch  1 never executed
        -: 1217:            {
        -: 1218:                //trash both treasure cards
    #####: 1219:                discardCard(handPos, currentPlayer, state, 1);
call    0 never executed
    #####: 1220:                discardCard(index, currentPlayer, state, 1);
call    0 never executed
        -: 1221:                
        -: 1222:                //gain 4 Gold cards
    #####: 1223:                for (i = 0; i < 4; i++)
branch  0 never executed
branch  1 never executed
        -: 1224:                {
    #####: 1225:                    gainCard(gold, state, 1, currentPlayer);
call    0 never executed
        -: 1226:                }
        -: 1227:                
        -: 1228:                //return success
    #####: 1229:                return 1;
        -: 1230:            }
        -: 1231:            
        -: 1232:            //no second treasure_map found in hand
    #####: 1233:            return -1;
        -: 1234:    }
        -: 1235:    
    #####: 1236:    return -1;
        -: 1237:}
        -: 1238:
function discardCard called 2000 returned 100% blocks executed 78%
     2000: 1239:int discardCard(int handPos, int currentPlayer, struct gameState *state, int trashFlag)
        -: 1240:{
        -: 1241:    
        -: 1242:    //if card is not trashed, added to Played pile 
     2000: 1243:    if (trashFlag < 1)
branch  0 taken 100% (fallthrough)
branch  1 taken 0%
        -: 1244:    {
        -: 1245:        //add card to played pile
     2000: 1246:        state->playedCards[state->playedCardCount] = state->hand[currentPlayer][handPos]; 
     2000: 1247:        state->playedCardCount++;
        -: 1248:    }
        -: 1249:    
        -: 1250:    //set played card to -1
     2000: 1251:    state->hand[currentPlayer][handPos] = -1;
        -: 1252:    
        -: 1253:    //remove card from player's hand
     2000: 1254:    if ( handPos == (state->handCount[currentPlayer] - 1) ) 	//last card in hand array is played
branch  0 taken 0% (fallthrough)
branch  1 taken 100%
        -: 1255:    {
        -: 1256:        //reduce number of cards in hand
    #####: 1257:        state->handCount[currentPlayer]--;
        -: 1258:    }
     2000: 1259:    else if ( state->handCount[currentPlayer] == 1 ) //only one card in hand
branch  0 taken 0% (fallthrough)
branch  1 taken 100%
        -: 1260:    {
        -: 1261:        //reduce number of cards in hand
    #####: 1262:        state->handCount[currentPlayer]--;
        -: 1263:    }
        -: 1264:    else 	
        -: 1265:    {
        -: 1266:        //replace discarded card with last card in hand
     2000: 1267:        state->hand[currentPlayer][handPos] = state->hand[currentPlayer][ (state->handCount[currentPlayer] - 1)];
        -: 1268:        //set last card to -1
     2000: 1269:        state->hand[currentPlayer][state->handCount[currentPlayer] - 1] = -1;
        -: 1270:        //reduce number of cards in hand
     2000: 1271:        state->handCount[currentPlayer]--;
        -: 1272:    }
        -: 1273:    
     2000: 1274:    return 0;
        -: 1275:}
        -: 1276:
function gainCard called 0 returned 0% blocks executed 0%
    #####: 1277:int gainCard(int supplyPos, struct gameState *state, int toFlag, int player)
        -: 1278:{
        -: 1279:    //Note: supplyPos is enum of choosen card
        -: 1280:    
        -: 1281:    //check if supply pile is empty (0) or card is not used in game (-1)
    #####: 1282:    if ( supplyCount(supplyPos, state) < 1 )
call    0 never executed
branch  1 never executed
branch  2 never executed
        -: 1283:    {
    #####: 1284:        return -1;
        -: 1285:    }
        -: 1286:    
        -: 1287:    //added card for [whoseTurn] current player:
        -: 1288:    // toFlag = 0 : add to discard
        -: 1289:    // toFlag = 1 : add to deck
        -: 1290:    // toFlag = 2 : add to hand
        -: 1291:    
    #####: 1292:    if (toFlag == 1)
branch  0 never executed
branch  1 never executed
        -: 1293:    {
    #####: 1294:        state->deck[ player ][ state->deckCount[player] ] = supplyPos;
    #####: 1295:        state->deckCount[player]++;
        -: 1296:    }
    #####: 1297:    else if (toFlag == 2)
branch  0 never executed
branch  1 never executed
        -: 1298:    {
    #####: 1299:        state->hand[ player ][ state->handCount[player] ] = supplyPos;
    #####: 1300:        state->handCount[player]++;
        -: 1301:    }
        -: 1302:    else
        -: 1303:    {
    #####: 1304:        state->discard[player][ state->discardCount[player] ] = supplyPos;
    #####: 1305:        state->discardCount[player]++;
        -: 1306:    }
        -: 1307:    
        -: 1308:    //decrease number in supply pile
    #####: 1309:    state->supplyCount[supplyPos]--;
        -: 1310:    
    #####: 1311:    return 0;
        -: 1312:}
        -: 1313:
function updateCoins called 3000 returned 100% blocks executed 82%
     3000: 1314:int updateCoins(int player, struct gameState *state, int bonus)
        -: 1315:{
        -: 1316:    int i;
        -: 1317:    
        -: 1318:    //reset coin count
     3000: 1319:    state->coins = 0;
        -: 1320:    
        -: 1321:    //add coins for each Treasure card in player's hand
    18000: 1322:    for (i = 0; i < state->handCount[player]; i++)
branch  0 taken 83%
branch  1 taken 17% (fallthrough)
        -: 1323:    {
    15000: 1324:        if (state->hand[player][i] == copper)
branch  0 taken 73% (fallthrough)
branch  1 taken 27%
        -: 1325:        {
    10989: 1326:            state->coins += 1;
        -: 1327:        }
     4011: 1328:        else if (state->hand[player][i] == silver)
branch  0 taken 0% (fallthrough)
branch  1 taken 100%
        -: 1329:        {
    #####: 1330:            state->coins += 2;
        -: 1331:        }
     4011: 1332:        else if (state->hand[player][i] == gold)
branch  0 taken 0% (fallthrough)
branch  1 taken 100%
        -: 1333:        {
    #####: 1334:            state->coins += 3;
        -: 1335:        }	
        -: 1336:    }	
        -: 1337:    
        -: 1338:    //add bonus
     3000: 1339:    state->coins += bonus;
        -: 1340:    
     3000: 1341:    return 0;
        -: 1342:}
        -: 1343:
        -: 1344:
        -: 1345://end of dominion.c
        -: 1346:
        -: 1347:// Refactored cards:
        -: 1348:// Smithy * Bug: +5 cards*
function smithyCard called 0 returned 0% blocks executed 0%
    #####: 1349:int smithyCard(int currentPlayer, struct gameState *state, int handPos){
        -: 1350:  //  printf("1351 smithy\n");
        -: 1351:    int i;
        -: 1352:    //+5 Cards
    #####: 1353:    for ( i = 0; i < 5; i++)
branch  0 never executed
branch  1 never executed
        -: 1354:    {
    #####: 1355:        drawCard(currentPlayer, state);
call    0 never executed
        -: 1356:    }
        -: 1357:    
        -: 1358:    //discard card from hand
    #####: 1359:    discardCard(handPos, currentPlayer, state, 0);
call    0 never executed
        -: 1360:    /* Bug - return 1 instead of 0 - caused turns to end prematurely every time, so discarded */
        -: 1361:    // return 1;
    #####: 1362:    return 0;
        -: 1363:}
        -: 1364:// Adventurer    *bug: while drawntreasure '< 1' changed to '< 2'
function adventurerCard called 1000 returned 100% blocks executed 93%
     1000: 1365:int adventurerCard(int currentPlayer, struct gameState *state, int drawntreasure, int cardDrawn, int z, int temphand[]){
        -: 1366:    
   274908: 1367:    while(drawntreasure<2){                 /* Bug  '< 1' changed to '< 2'*/
branch  0 taken 99%
branch  1 taken 1% (fallthrough)
   272908: 1368:        if (state->deckCount[currentPlayer] <2){//if the deck is empty we need to shuffle discard and add to deck
branch  0 taken 0% (fallthrough)
branch  1 taken 100%
    #####: 1369:            shuffle(currentPlayer, state);
call    0 never executed
        -: 1370:        }
   272908: 1371:        drawCard(currentPlayer, state);
call    0 returned 100%
   272908: 1372:        cardDrawn = state->hand[currentPlayer][state->handCount[currentPlayer]-1];//top card of hand is most recently drawn card.
   272908: 1373:        if (cardDrawn == copper || cardDrawn == silver || cardDrawn == gold)
branch  0 taken 99% (fallthrough)
branch  1 taken 1%
branch  2 taken 100% (fallthrough)
branch  3 taken 0%
branch  4 taken 0% (fallthrough)
branch  5 taken 100%
     2000: 1374:            drawntreasure++;
        -: 1375:        else{
   270908: 1376:            temphand[z]=cardDrawn;
   270908: 1377:            state->handCount[currentPlayer]--; //this should just remove the top card (the most recently drawn one).
   270908: 1378:            z++;
        -: 1379:        }
        -: 1380:    }
   272908: 1381:    while(z-1>=0){
branch  0 taken 99%
branch  1 taken 1% (fallthrough)
   270908: 1382:        state->discard[currentPlayer][state->discardCount[currentPlayer]++]=temphand[z-1]; // discard all cards in play that have been drawn
   270908: 1383:        z=z-1;
        -: 1384:    }
     1000: 1385:    return 0;
        -: 1386:}
        -: 1387:// Village *bug: +3 actions instead of +2 actions.
function villageCard called 1000 returned 100% blocks executed 100%
     1000: 1388:int villageCard(int currentPlayer, struct gameState *state, int handPos){
        -: 1389:   // printf("1389: village\n");
        -: 1390:    //+1 Card
     1000: 1391:    drawCard(currentPlayer, state);
call    0 returned 100%
        -: 1392:    
        -: 1393:    //+2 Actions
     1000: 1394:    state->numActions = state->numActions + 3;
        -: 1395:    
        -: 1396:    //discard played card from hand
     1000: 1397:    discardCard(handPos, currentPlayer, state, 0);
call    0 returned 100%
     1000: 1398:    return 0;
        -: 1399:}
        -: 1400:// Council Room *bug: +2 buy instead of +1 buy
function councilRoomCard called 1000 returned 100% blocks executed 100%
     1000: 1401:int councilRoomCard(int currentPlayer, struct gameState *state, int handPos){
        -: 1402:    int i;
        -: 1403:    //+4 Cards
     5000: 1404:    for (i = 0; i < 4; i++)
branch  0 taken 80%
branch  1 taken 20% (fallthrough)
        -: 1405:    {
     4000: 1406:        drawCard(currentPlayer, state);
call    0 returned 100%
        -: 1407:    }
        -: 1408:    
        -: 1409:    //+1 Buy
     1000: 1410:    state->numBuys++;
     1000: 1411:    state->numBuys++; /* bug +2 buy instead of +1 */
        -: 1412:    
        -: 1413:    //Each other player draws a card
     3972: 1414:    for (i = 0; i < state->numPlayers; i++)
branch  0 taken 75%
branch  1 taken 25% (fallthrough)
        -: 1415:    {
     2972: 1416:        if ( i != currentPlayer )
branch  0 taken 66% (fallthrough)
branch  1 taken 34%
        -: 1417:        {
     1972: 1418:            drawCard(i, state);
call    0 returned 100%
        -: 1419:        }
        -: 1420:    }
        -: 1421:    //put played card in played card pile
     1000: 1422:    discardCard(handPos, currentPlayer, state, 0);
call    0 returned 100%
        -: 1423:    
     1000: 1424:    return 0;
        -: 1425:}
        -: 1426:
function greatHallCard called 0 returned 0% blocks executed 0%
    #####: 1427:int greatHallCard(int currentPlayer, struct gameState *state, int handPos){
        -: 1428:    //+1 Card
    #####: 1429:    drawCard(currentPlayer, state);
call    0 never executed
        -: 1430:    
        -: 1431:    //+1 Actions
    #####: 1432:    state->numActions++;
        -: 1433:    
        -: 1434:    //discard card from hand
    #####: 1435:    discardCard(handPos, currentPlayer, state, 0);
call    0 never executed
    #####: 1436:    return 0;
        -: 1437:}
